<?xml version="1.0" encoding="UTF-8"?>
<!-- Generated by org.testng.reporters.JUnitXMLReporter -->
<testsuite ignored="0" hostname="LAPTOP-D7ID1N72" failures="0" tests="5" name="NetBankingTestCases" time="46.492" errors="0" timestamp="2022-12-24T22:57:24 IST">
  <testcase classname="com.netbanking.testCases.TC_LoginDDT_002" name="loginDDT" time="4.314"/>
  <testcase classname="com.netbanking.testCases.TC_LoginDDT_002" name="loginDDT" time="3.965"/>
  <testcase classname="com.netbanking.testCases.TC_LoginDDT_002" name="loginDDT" time="7.918"/>
  <testcase classname="com.netbanking.testCases.TC_LoginDDT_002" name="loginDDT" time="3.69"/>
  <testcase classname="com.netbanking.testCases.TC_LoginDDT_002" name="loginDDT" time="3.638"/>
</testsuite> <!-- NetBankingTestCases -->
