<?xml version="1.0" encoding="UTF-8"?>
<testng-results ignored="0" total="5" passed="5" failed="0" skipped="0">
  <reporter-output>
  </reporter-output>
  <suite started-at="2022-12-24T22:56:38 IST" name="NetBanking" finished-at="2022-12-24T22:57:24 IST" duration-ms="46492">
    <groups>
    </groups>
    <test started-at="2022-12-24T22:56:38 IST" name="NetBankingTestCases" finished-at="2022-12-24T22:57:24 IST" duration-ms="46492">
      <class name="com.netbanking.testCases.TC_LoginDDT_002">
        <test-method is-config="true" signature="browserSetup(java.lang.String)[pri:0, instance:com.netbanking.testCases.TC_LoginDDT_002@595b007d]" started-at="2022-12-24T22:56:38 IST" name="browserSetup" finished-at="2022-12-24T22:56:53 IST" duration-ms="15246" status="PASS">
          <params>
            <param index="0">
              <value>
                <![CDATA[chrome]]>
              </value>
            </param>
          </params>
          <reporter-output>
          </reporter-output>
        </test-method> <!-- browserSetup -->
        <test-method signature="loginDDT(java.lang.String,java.lang.String)[pri:0, instance:com.netbanking.testCases.TC_LoginDDT_002@595b007d]" started-at="2022-12-24T22:56:59 IST" name="loginDDT" data-provider="LoginData" finished-at="2022-12-24T22:57:04 IST" duration-ms="4314" status="PASS">
          <params>
            <param index="0">
              <value>
                <![CDATA[mngr464118]]>
              </value>
            </param>
            <param index="1">
              <value>
                <![CDATA[aguzApy]]>
              </value>
            </param>
          </params>
          <reporter-output>
          </reporter-output>
        </test-method> <!-- loginDDT -->
        <test-method signature="loginDDT(java.lang.String,java.lang.String)[pri:0, instance:com.netbanking.testCases.TC_LoginDDT_002@595b007d]" started-at="2022-12-24T22:57:04 IST" name="loginDDT" data-provider="LoginData" finished-at="2022-12-24T22:57:08 IST" duration-ms="3965" status="PASS">
          <params>
            <param index="0">
              <value>
                <![CDATA[mngr464118]]>
              </value>
            </param>
            <param index="1">
              <value>
                <![CDATA[aguzApy]]>
              </value>
            </param>
          </params>
          <reporter-output>
          </reporter-output>
        </test-method> <!-- loginDDT -->
        <test-method signature="loginDDT(java.lang.String,java.lang.String)[pri:0, instance:com.netbanking.testCases.TC_LoginDDT_002@595b007d]" started-at="2022-12-24T22:57:08 IST" name="loginDDT" data-provider="LoginData" finished-at="2022-12-24T22:57:16 IST" duration-ms="7918" status="PASS">
          <params>
            <param index="0">
              <value>
                <![CDATA[mngr464118]]>
              </value>
            </param>
            <param index="1">
              <value>
                <![CDATA[aguzApy]]>
              </value>
            </param>
          </params>
          <reporter-output>
          </reporter-output>
        </test-method> <!-- loginDDT -->
        <test-method signature="loginDDT(java.lang.String,java.lang.String)[pri:0, instance:com.netbanking.testCases.TC_LoginDDT_002@595b007d]" started-at="2022-12-24T22:57:16 IST" name="loginDDT" data-provider="LoginData" finished-at="2022-12-24T22:57:19 IST" duration-ms="3690" status="PASS">
          <params>
            <param index="0">
              <value>
                <![CDATA[mngr464118]]>
              </value>
            </param>
            <param index="1">
              <value>
                <![CDATA[aguzApy]]>
              </value>
            </param>
          </params>
          <reporter-output>
          </reporter-output>
        </test-method> <!-- loginDDT -->
        <test-method signature="loginDDT(java.lang.String,java.lang.String)[pri:0, instance:com.netbanking.testCases.TC_LoginDDT_002@595b007d]" started-at="2022-12-24T22:57:19 IST" name="loginDDT" data-provider="LoginData" finished-at="2022-12-24T22:57:23 IST" duration-ms="3638" status="PASS">
          <params>
            <param index="0">
              <value>
                <![CDATA[mngr464118]]>
              </value>
            </param>
            <param index="1">
              <value>
                <![CDATA[aguzApy]]>
              </value>
            </param>
          </params>
          <reporter-output>
          </reporter-output>
        </test-method> <!-- loginDDT -->
        <test-method is-config="true" signature="tearDown()[pri:0, instance:com.netbanking.testCases.TC_LoginDDT_002@595b007d]" started-at="2022-12-24T22:57:23 IST" name="tearDown" finished-at="2022-12-24T22:57:24 IST" duration-ms="1074" status="PASS">
          <reporter-output>
          </reporter-output>
        </test-method> <!-- tearDown -->
      </class> <!-- com.netbanking.testCases.TC_LoginDDT_002 -->
    </test> <!-- NetBankingTestCases -->
  </suite> <!-- NetBanking -->
</testng-results>
